<?xml version="1.0" encoding="UTF-8"?>
<!-- Generated by org.testng.reporters.JUnitReportReporter -->
<testsuite hostname="ranjan-PC" name="com.qa.example.Example" tests="3" failures="0" timestamp="10 Sep 2017 03:29:51 GMT" time="0.032" errors="0">
  <testcase name="test2" time="0.010" classname="com.qa.example.Example"/>
  <testcase name="test3" time="0.009" classname="com.qa.example.Example"/>
  <testcase name="test1" time="0.013" classname="com.qa.example.Example"/>
</testsuite> <!-- com.qa.example.Example -->
