<?xml version="1.0" encoding="UTF-8"?>
<!-- Generated by org.testng.reporters.JUnitReportReporter -->
<testsuite hostname="ranjan-PC" name="com.qa.example.Example2" tests="2" failures="0" timestamp="9 Sep 2017 04:50:15 GMT" time="0.031" errors="0">
  <testcase name="logout" time="0.007" classname="com.qa.example.Example2"/>
  <testcase name="click" time="0.024" classname="com.qa.example.Example2"/>
</testsuite> <!-- com.qa.example.Example2 -->
