<?xml version="1.0" encoding="UTF-8"?>
<!-- Generated by org.testng.reporters.JUnitReportReporter -->
<testsuite hostname="ranjan-PC" name="com.qa.base.Driver" tests="5" failures="0" timestamp="7 Oct 2017 04:00:56 GMT" time="36.333" errors="0">
  <testcase name="add" time="2.249" classname="com.qa.base.Driver"/>
  <testcase name="div" time="0.617" classname="com.qa.base.Driver"/>
  <testcase name="sub" time="0.190" classname="com.qa.base.Driver"/>
  <testcase name="testLogin" time="32.794" classname="com.qa.base.Driver"/>
  <testcase name="finalize" time="0.483" classname="com.qa.base.Driver"/>
</testsuite> <!-- com.qa.base.Driver -->
